<?xml version="1.0" encoding="UTF-8"?>
<!-- Generated by org.testng.reporters.JUnitReportReporter -->
<testsuite skipped="0" hostname="SatishSathya" name="com.inetbanking.testcase.TC_AddCustomerTest_003" tests="1" failures="0" timestamp="2020-02-01T13:21:46 IST" time="16.858" errors="0">
  <testcase name="AddNewCustomer" time="16.858" classname="com.inetbanking.testcase.TC_AddCustomerTest_003"/>
</testsuite> <!-- com.inetbanking.testcase.TC_AddCustomerTest_003 -->
