<?xml version="1.0" encoding="UTF-8"?>
<!-- Generated by org.testng.reporters.JUnitReportReporter -->
<testsuite skipped="0" hostname="SatishSathya" name="com.inetbanking.testcase.TC_AddCustomerTest_003" tests="1" failures="0" timestamp="2020-02-01T17:37:14 IST" time="14.935" errors="0">
  <testcase name="AddNewCustomer" time="14.935" classname="com.inetbanking.testcase.TC_AddCustomerTest_003"/>
</testsuite> <!-- com.inetbanking.testcase.TC_AddCustomerTest_003 -->
